2025-04-09 19:32:55,461 - root - INFO - 正在启动面部表情识别系统...
2025-04-09 19:32:55,528 - root - INFO - 正在初始化主窗口...
2025-04-09 19:32:58,023 - root - ERROR - 未捕获的异常:
Traceback (most recent call last):
  File "F:\Desktop\sci\project\ResEmoteNet-test\ResEmoteNet\Emotion\main.py", line 95, in <module>
    sys.exit(main())
  File "F:\Desktop\sci\project\ResEmoteNet-test\ResEmoteNet\Emotion\main.py", line 83, in main
    window = MainWindow()
  File "F:\Desktop\sci\project\ResEmoteNet-test\ResEmoteNet\Emotion\main_window.py", line 33, in __init__
    self.initUI()
  File "F:\Desktop\sci\project\ResEmoteNet-test\ResEmoteNet\Emotion\main_window.py", line 59, in initUI
    self.video_tab = VideoTab(self.emotion_recognizer)
  File "F:\Desktop\sci\project\ResEmoteNet-test\ResEmoteNet\Emotion\video_tab.py", line 126, in __init__
    self.initUI()
  File "F:\Desktop\sci\project\ResEmoteNet-test\ResEmoteNet\Emotion\video_tab.py", line 156, in initUI
    self.start_stop_btn.clicked.connect(self.toggleVideoAnalysis)
AttributeError: 'VideoTab' object has no attribute 'toggleVideoAnalysis'
2025-04-09 19:39:10,859 - root - INFO - 正在启动面部表情识别系统...
2025-04-09 19:39:10,877 - root - INFO - 正在初始化主窗口...
2025-04-09 19:39:13,335 - root - INFO - 面部表情识别系统已启动
2025-04-09 19:48:05,124 - root - ERROR - 未捕获的异常:
Traceback (most recent call last):
  File "F:\Desktop\sci\project\ResEmoteNet-test\ResEmoteNet\Emotion\video_tab.py", line 282, in toggleVideoAnalysis
    self.toggleRecording()
  File "F:\Desktop\sci\project\ResEmoteNet-test\ResEmoteNet\Emotion\video_tab.py", line 484, in toggleRecording
    self.parent().statusBar().showMessage("录制已停止", 3000)
AttributeError: 'QStackedWidget' object has no attribute 'statusBar'
2025-04-09 20:19:51,328 - root - INFO - 正在启动面部表情识别系统...
2025-04-09 20:19:51,364 - root - INFO - 正在初始化主窗口...
2025-04-09 20:19:53,663 - root - INFO - 面部表情识别系统已启动
2025-04-09 20:29:25,468 - root - ERROR - 未捕获的异常:
Traceback (most recent call last):
  File "F:\Desktop\sci\project\ResEmoteNet-test\ResEmoteNet\Emotion\video_tab.py", line 282, in toggleVideoAnalysis
    self.toggleRecording()
  File "F:\Desktop\sci\project\ResEmoteNet-test\ResEmoteNet\Emotion\video_tab.py", line 484, in toggleRecording
    self.parent().statusBar().showMessage("录制已停止", 3000)
AttributeError: 'QStackedWidget' object has no attribute 'statusBar'
2025-04-09 20:38:19,572 - root - INFO - 正在启动面部表情识别系统...
2025-04-09 20:38:19,590 - root - INFO - 正在初始化主窗口...
2025-04-09 20:38:22,066 - root - INFO - 面部表情识别系统已启动
2025-04-09 20:57:31,578 - root - ERROR - 未捕获的异常:
Traceback (most recent call last):
  File "F:\Desktop\sci\project\ResEmoteNet-test\ResEmoteNet\Emotion\video_tab.py", line 282, in toggleVideoAnalysis
    self.export_btn.setEnabled(False)
  File "F:\Desktop\sci\project\ResEmoteNet-test\ResEmoteNet\Emotion\video_tab.py", line 484, in toggleRecording
    timestamp = datetime.datetime.now().strftime("%Y%m%d_%H%M%S")
AttributeError: 'QStackedWidget' object has no attribute 'statusBar'
2025-04-09 21:17:05,391 - root - INFO - 正在启动面部表情识别系统...
2025-04-09 21:17:05,406 - root - INFO - 正在初始化主窗口...
2025-04-09 21:17:07,421 - root - ERROR - 未捕获的异常:
Traceback (most recent call last):
  File "F:\Desktop\sci\project\ResEmoteNet-test\ResEmoteNet\Emotion\main.py", line 95, in <module>
    sys.exit(main())
  File "F:\Desktop\sci\project\ResEmoteNet-test\ResEmoteNet\Emotion\main.py", line 83, in main
    window = MainWindow()
  File "F:\Desktop\sci\project\ResEmoteNet-test\ResEmoteNet\Emotion\main_window.py", line 35, in __init__
    self.initUI()
  File "F:\Desktop\sci\project\ResEmoteNet-test\ResEmoteNet\Emotion\main_window.py", line 64, in initUI
    self.video_tab = VideoTab(self.emotion_recognizer)
  File "F:\Desktop\sci\project\ResEmoteNet-test\ResEmoteNet\Emotion\video_tab.py", line 153, in __init__
    self.initUI()
  File "F:\Desktop\sci\project\ResEmoteNet-test\ResEmoteNet\Emotion\video_tab.py", line 290, in initUI
    self.status_timer.timeout.connect(self.clearStatusMessage)
AttributeError: 'VideoTab' object has no attribute 'clearStatusMessage'
2025-04-09 21:20:25,045 - root - INFO - 正在启动面部表情识别系统...
2025-04-09 21:20:25,059 - root - INFO - 正在初始化主窗口...
2025-04-09 21:20:25,929 - root - INFO - 面部表情识别系统已启动
2025-04-09 21:53:32,642 - root - INFO - 正在启动面部表情识别系统...
2025-04-09 21:53:32,667 - root - INFO - 正在初始化主窗口...
2025-04-09 21:53:34,856 - root - INFO - 面部表情识别系统已启动
2025-04-09 21:53:56,051 - root - ERROR - 未捕获的异常:
Traceback (most recent call last):
  File "F:\Desktop\sci\project\ResEmoteNet-test\ResEmoteNet\Emotion\video_tab.py", line 331, in toggleVideoAnalysis
    self.showStatusMessage("视频分析已开始")
AttributeError: 'VideoTab' object has no attribute 'showStatusMessage'
2025-04-09 21:56:21,332 - root - INFO - 正在启动面部表情识别系统...
2025-04-09 21:56:21,346 - root - INFO - 正在初始化主窗口...
2025-04-09 21:56:23,003 - root - ERROR - 未捕获的异常:
Traceback (most recent call last):
  File "F:\Desktop\sci\project\ResEmoteNet-test\ResEmoteNet\Emotion\main.py", line 95, in <module>
    sys.exit(main())
  File "F:\Desktop\sci\project\ResEmoteNet-test\ResEmoteNet\Emotion\main.py", line 83, in main
    window = MainWindow()
  File "F:\Desktop\sci\project\ResEmoteNet-test\ResEmoteNet\Emotion\main_window.py", line 35, in __init__
    self.initUI()
  File "F:\Desktop\sci\project\ResEmoteNet-test\ResEmoteNet\Emotion\main_window.py", line 63, in initUI
    self.image_tab = ImageTab(self.emotion_recognizer)
  File "F:\Desktop\sci\project\ResEmoteNet-test\ResEmoteNet\Emotion\image_tab.py", line 18, in __init__
    self.initUI()
  File "F:\Desktop\sci\project\ResEmoteNet-test\ResEmoteNet\Emotion\image_tab.py", line 34, in initUI
    self.analyze_button.clicked.connect(self.analyzeImage)
AttributeError: 'ImageTab' object has no attribute 'analyzeImage'
2025-04-09 21:57:28,645 - root - INFO - 正在启动面部表情识别系统...
2025-04-09 21:57:28,656 - root - INFO - 正在初始化主窗口...
2025-04-09 21:57:29,358 - root - ERROR - 未捕获的异常:
Traceback (most recent call last):
  File "F:\Desktop\sci\project\ResEmoteNet-test\ResEmoteNet\Emotion\main.py", line 95, in <module>
    sys.exit(main())
  File "F:\Desktop\sci\project\ResEmoteNet-test\ResEmoteNet\Emotion\main.py", line 83, in main
    window = MainWindow()
  File "F:\Desktop\sci\project\ResEmoteNet-test\ResEmoteNet\Emotion\main_window.py", line 35, in __init__
    self.initUI()
  File "F:\Desktop\sci\project\ResEmoteNet-test\ResEmoteNet\Emotion\main_window.py", line 64, in initUI
    self.video_tab = VideoTab(self.emotion_recognizer)
  File "F:\Desktop\sci\project\ResEmoteNet-test\ResEmoteNet\Emotion\video_tab.py", line 153, in __init__
    self.initUI()
  File "F:\Desktop\sci\project\ResEmoteNet-test\ResEmoteNet\Emotion\video_tab.py", line 290, in initUI
    self.status_timer.timeout.connect(self.clearStatusMessage)
AttributeError: 'VideoTab' object has no attribute 'clearStatusMessage'
2025-04-09 21:58:18,947 - root - INFO - 正在启动面部表情识别系统...
2025-04-09 21:58:18,958 - root - INFO - 正在初始化主窗口...
2025-04-09 21:58:19,783 - root - INFO - 面部表情识别系统已启动
2025-04-09 22:08:19,807 - root - INFO - 正在启动面部表情识别系统...
2025-04-09 22:08:19,819 - root - INFO - 正在初始化主窗口...
2025-04-09 22:08:20,819 - root - INFO - 面部表情识别系统已启动
2025-04-09 22:08:59,349 - root - ERROR - 未捕获的异常:
Traceback (most recent call last):
  File "F:\Desktop\sci\project\ResEmoteNet-test\ResEmoteNet\Emotion\video_tab.py", line 154, in openVideo
    self.parent().parent().statusBar().showMessage(f"已加载视频：{file_path}")
AttributeError: 'QTabWidget' object has no attribute 'statusBar'
2025-04-09 22:17:18,322 - root - INFO - 正在启动面部表情识别系统...
2025-04-09 22:17:18,335 - root - INFO - 正在初始化主窗口...
2025-04-09 22:17:19,647 - root - ERROR - 未捕获的异常:
Traceback (most recent call last):
  File "F:\Desktop\sci\project\ResEmoteNet-test\ResEmoteNet\Emotion\main.py", line 95, in <module>
    sys.exit(main())
  File "F:\Desktop\sci\project\ResEmoteNet-test\ResEmoteNet\Emotion\main.py", line 83, in main
    window = MainWindow()
  File "F:\Desktop\sci\project\ResEmoteNet-test\ResEmoteNet\Emotion\main_window.py", line 34, in __init__
    self.initUI()
  File "F:\Desktop\sci\project\ResEmoteNet-test\ResEmoteNet\Emotion\main_window.py", line 59, in initUI
    self.image_tab = ImageTab(self.emotion_recognizer)
TypeError: ImageTab.__init__() missing 1 required positional argument: 'main_window'
2025-04-09 22:17:51,127 - root - INFO - 正在启动面部表情识别系统...
2025-04-09 22:17:51,138 - root - INFO - 正在初始化主窗口...
2025-04-09 22:17:51,858 - root - ERROR - 未捕获的异常:
Traceback (most recent call last):
  File "F:\Desktop\sci\project\ResEmoteNet-test\ResEmoteNet\Emotion\main.py", line 95, in <module>
    sys.exit(main())
  File "F:\Desktop\sci\project\ResEmoteNet-test\ResEmoteNet\Emotion\main.py", line 83, in main
    window = MainWindow()
  File "F:\Desktop\sci\project\ResEmoteNet-test\ResEmoteNet\Emotion\main_window.py", line 34, in __init__
    self.initUI()
  File "F:\Desktop\sci\project\ResEmoteNet-test\ResEmoteNet\Emotion\main_window.py", line 59, in initUI
    self.video_tab = VideoTab(self.emotion_recognizer)
  File "F:\Desktop\sci\project\ResEmoteNet-test\ResEmoteNet\Emotion\video_tab.py", line 153, in __init__
    self.initUI()
  File "F:\Desktop\sci\project\ResEmoteNet-test\ResEmoteNet\Emotion\video_tab.py", line 290, in initUI
    self.status_timer.timeout.connect(self.clearStatusMessage)
AttributeError: 'VideoTab' object has no attribute 'clearStatusMessage'
2025-04-09 22:18:27,563 - root - INFO - 正在启动面部表情识别系统...
2025-04-09 22:18:27,576 - root - INFO - 正在初始化主窗口...
2025-04-09 22:18:28,469 - root - INFO - 面部表情识别系统已启动
2025-04-09 22:19:05,051 - root - ERROR - 未捕获的异常:
Traceback (most recent call last):
  File "F:\Desktop\sci\project\ResEmoteNet-test\ResEmoteNet\Emotion\video_tab.py", line 330, in toggleVideoAnalysis
    self.showStatusMessage("视频分析已开始")
AttributeError: 'VideoTab' object has no attribute 'showStatusMessage'
2025-04-09 22:19:44,865 - root - ERROR - 未捕获的异常:
Traceback (most recent call last):
  File "F:\Desktop\sci\project\ResEmoteNet-test\ResEmoteNet\Emotion\video_tab.py", line 321, in toggleVideoAnalysis
    self.showStatusMessage("视频分析已停止")
AttributeError: 'VideoTab' object has no attribute 'showStatusMessage'
2025-04-09 22:24:41,347 - root - INFO - 正在启动面部表情识别系统...
2025-04-09 22:24:41,360 - root - INFO - 正在初始化主窗口...
2025-04-09 22:24:42,200 - root - INFO - 面部表情识别系统已启动
2025-04-09 22:25:46,418 - root - INFO - 正在启动面部表情识别系统...
2025-04-09 22:25:46,429 - root - INFO - 正在初始化主窗口...
2025-04-09 22:25:47,263 - root - INFO - 面部表情识别系统已启动
2025-04-09 22:26:43,248 - root - ERROR - 未捕获的异常:
Traceback (most recent call last):
  File "F:\Desktop\sci\project\ResEmoteNet-test\ResEmoteNet\Emotion\video_tab.py", line 484, in toggleRecording
    self.parent().statusBar().showMessage("录制已停止", 3000)
AttributeError: 'QStackedWidget' object has no attribute 'statusBar'
2025-04-09 22:35:04,335 - root - INFO - 正在启动面部表情识别系统...
2025-04-09 22:35:04,354 - root - INFO - 正在初始化主窗口...
2025-04-09 22:35:06,649 - root - INFO - 面部表情识别系统已启动
2025-04-09 22:36:19,955 - root - ERROR - 未捕获的异常:
Traceback (most recent call last):
  File "F:\Desktop\sci\project\ResEmoteNet-test\ResEmoteNet\Emotion\video_tab.py", line 484, in toggleRecording
    self.parent().statusBar().showMessage("录制已停止", 3000)
AttributeError: 'QStackedWidget' object has no attribute 'statusBar'
2025-04-09 22:54:14,827 - root - INFO - 正在启动面部表情识别系统...
2025-04-09 22:54:14,841 - root - INFO - 正在初始化主窗口...
2025-04-09 22:54:16,819 - root - ERROR - 未捕获的异常:
Traceback (most recent call last):
  File "F:\Desktop\sci\project\ResEmoteNet-test\ResEmoteNet\Emotion\main.py", line 95, in <module>
    sys.exit(main())
  File "F:\Desktop\sci\project\ResEmoteNet-test\ResEmoteNet\Emotion\main.py", line 83, in main
    window = MainWindow()
  File "F:\Desktop\sci\project\ResEmoteNet-test\ResEmoteNet\Emotion\main_window.py", line 33, in __init__
    self.initUI()
  File "F:\Desktop\sci\project\ResEmoteNet-test\ResEmoteNet\Emotion\main_window.py", line 61, in initUI
    self.stacked_widget.addWidget(self.image_tab)
AttributeError: 'MainWindow' object has no attribute 'stacked_widget'
2025-04-09 22:56:15,972 - root - INFO - 正在启动面部表情识别系统...
2025-04-09 22:56:15,983 - root - INFO - 正在初始化主窗口...
2025-04-09 22:56:16,876 - root - INFO - 面部表情识别系统已启动
2025-04-09 23:04:12,271 - root - INFO - 正在启动面部表情识别系统...
2025-04-09 23:04:12,286 - root - INFO - 正在初始化主窗口...
2025-04-09 23:04:14,504 - root - INFO - 面部表情识别系统已启动
2025-04-09 23:05:57,780 - root - ERROR - 未捕获的异常:
Traceback (most recent call last):
  File "F:\Desktop\sci\project\ResEmoteNet-test\ResEmoteNet\Emotion\main_window.py", line 115, in <lambda>
    view_menu.addAction("缩小", lambda: self.image_tab.setZoomMode('out'))
  File "F:\Desktop\sci\project\ResEmoteNet-test\ResEmoteNet\Emotion\image_tab.py", line 150, in setZoomMode
    self.displayImage(self.current_image)
  File "F:\Desktop\sci\project\ResEmoteNet-test\ResEmoteNet\Emotion\image_tab.py", line 139, in displayImage
    pixmap = pixmap.scaled(pixmap.width() * self.zoom_scale, pixmap.height() * self.zoom_scale, Qt.KeepAspectRatio, Qt.SmoothTransformation)
TypeError: arguments did not match any overloaded call:
  scaled(self, width: int, height: int, aspectRatioMode: Qt.AspectRatioMode = Qt.IgnoreAspectRatio, transformMode: Qt.TransformationMode = Qt.FastTransformation): argument 1 has unexpected type 'float'
  scaled(self, size: QSize, aspectRatioMode: Qt.AspectRatioMode = Qt.IgnoreAspectRatio, transformMode: Qt.TransformationMode = Qt.FastTransformation): argument 1 has unexpected type 'float'
2025-04-09 23:06:01,137 - root - ERROR - 未捕获的异常:
Traceback (most recent call last):
  File "F:\Desktop\sci\project\ResEmoteNet-test\ResEmoteNet\Emotion\main_window.py", line 115, in <lambda>
    view_menu.addAction("缩小", lambda: self.image_tab.setZoomMode('out'))
  File "F:\Desktop\sci\project\ResEmoteNet-test\ResEmoteNet\Emotion\image_tab.py", line 150, in setZoomMode
    self.displayImage(self.current_image)
  File "F:\Desktop\sci\project\ResEmoteNet-test\ResEmoteNet\Emotion\image_tab.py", line 139, in displayImage
    pixmap = pixmap.scaled(pixmap.width() * self.zoom_scale, pixmap.height() * self.zoom_scale, Qt.KeepAspectRatio, Qt.SmoothTransformation)
TypeError: arguments did not match any overloaded call:
  scaled(self, width: int, height: int, aspectRatioMode: Qt.AspectRatioMode = Qt.IgnoreAspectRatio, transformMode: Qt.TransformationMode = Qt.FastTransformation): argument 1 has unexpected type 'float'
  scaled(self, size: QSize, aspectRatioMode: Qt.AspectRatioMode = Qt.IgnoreAspectRatio, transformMode: Qt.TransformationMode = Qt.FastTransformation): argument 1 has unexpected type 'float'
2025-04-09 23:06:04,245 - root - ERROR - 未捕获的异常:
Traceback (most recent call last):
  File "F:\Desktop\sci\project\ResEmoteNet-test\ResEmoteNet\Emotion\main_window.py", line 114, in <lambda>
    view_menu.addAction("放大", lambda: self.image_tab.setZoomMode('in'))
  File "F:\Desktop\sci\project\ResEmoteNet-test\ResEmoteNet\Emotion\image_tab.py", line 150, in setZoomMode
    self.displayImage(self.current_image)
  File "F:\Desktop\sci\project\ResEmoteNet-test\ResEmoteNet\Emotion\image_tab.py", line 136, in displayImage
    pixmap = pixmap.scaled(pixmap.width() * self.zoom_scale, pixmap.height() * self.zoom_scale, Qt.KeepAspectRatio, Qt.SmoothTransformation)
TypeError: arguments did not match any overloaded call:
  scaled(self, width: int, height: int, aspectRatioMode: Qt.AspectRatioMode = Qt.IgnoreAspectRatio, transformMode: Qt.TransformationMode = Qt.FastTransformation): argument 1 has unexpected type 'float'
  scaled(self, size: QSize, aspectRatioMode: Qt.AspectRatioMode = Qt.IgnoreAspectRatio, transformMode: Qt.TransformationMode = Qt.FastTransformation): argument 1 has unexpected type 'float'
2025-04-09 23:29:55,272 - root - INFO - 正在启动面部表情识别系统...
2025-04-09 23:29:55,288 - root - INFO - 正在初始化主窗口...
2025-04-09 23:29:56,199 - root - INFO - 面部表情识别系统已启动
2025-04-09 23:30:47,672 - root - ERROR - 未捕获的异常:
Traceback (most recent call last):
  File "F:\Desktop\sci\project\ResEmoteNet-test\ResEmoteNet\Emotion\image_tab.py", line 80, in <lambda>
    self.zoom_in_btn.clicked.connect(lambda: self.setZoomMode('in'))
  File "F:\Desktop\sci\project\ResEmoteNet-test\ResEmoteNet\Emotion\image_tab.py", line 137, in setZoomMode
    self.displayImage(self.current_image, use_result=(self.results is not None))
  File "F:\Desktop\sci\project\ResEmoteNet-test\ResEmoteNet\Emotion\image_tab.py", line 173, in displayImage
    pixmap = pixmap.scaled(pixmap.width() * self.zoom_scale, pixmap.height() * self.zoom_scale, Qt.KeepAspectRatio, Qt.SmoothTransformation)
TypeError: arguments did not match any overloaded call:
  scaled(self, width: int, height: int, aspectRatioMode: Qt.AspectRatioMode = Qt.IgnoreAspectRatio, transformMode: Qt.TransformationMode = Qt.FastTransformation): argument 1 has unexpected type 'float'
  scaled(self, size: QSize, aspectRatioMode: Qt.AspectRatioMode = Qt.IgnoreAspectRatio, transformMode: Qt.TransformationMode = Qt.FastTransformation): argument 1 has unexpected type 'float'
2025-04-09 23:30:50,796 - root - ERROR - 未捕获的异常:
Traceback (most recent call last):
  File "F:\Desktop\sci\project\ResEmoteNet-test\ResEmoteNet\Emotion\image_tab.py", line 80, in <lambda>
    self.zoom_in_btn.clicked.connect(lambda: self.setZoomMode('in'))
  File "F:\Desktop\sci\project\ResEmoteNet-test\ResEmoteNet\Emotion\image_tab.py", line 137, in setZoomMode
    self.displayImage(self.current_image, use_result=(self.results is not None))
  File "F:\Desktop\sci\project\ResEmoteNet-test\ResEmoteNet\Emotion\image_tab.py", line 173, in displayImage
    pixmap = pixmap.scaled(pixmap.width() * self.zoom_scale, pixmap.height() * self.zoom_scale, Qt.KeepAspectRatio, Qt.SmoothTransformation)
TypeError: arguments did not match any overloaded call:
  scaled(self, width: int, height: int, aspectRatioMode: Qt.AspectRatioMode = Qt.IgnoreAspectRatio, transformMode: Qt.TransformationMode = Qt.FastTransformation): argument 1 has unexpected type 'float'
  scaled(self, size: QSize, aspectRatioMode: Qt.AspectRatioMode = Qt.IgnoreAspectRatio, transformMode: Qt.TransformationMode = Qt.FastTransformation): argument 1 has unexpected type 'float'
2025-04-09 23:31:03,887 - root - ERROR - 未捕获的异常:
Traceback (most recent call last):
  File "F:\Desktop\sci\project\ResEmoteNet-test\ResEmoteNet\Emotion\image_tab.py", line 84, in <lambda>
    self.zoom_out_btn.clicked.connect(lambda: self.setZoomMode('out'))
  File "F:\Desktop\sci\project\ResEmoteNet-test\ResEmoteNet\Emotion\image_tab.py", line 137, in setZoomMode
    self.displayImage(self.current_image, use_result=(self.results is not None))
  File "F:\Desktop\sci\project\ResEmoteNet-test\ResEmoteNet\Emotion\image_tab.py", line 173, in displayImage
    pixmap = pixmap.scaled(pixmap.width() * self.zoom_scale, pixmap.height() * self.zoom_scale, Qt.KeepAspectRatio, Qt.SmoothTransformation)
TypeError: arguments did not match any overloaded call:
  scaled(self, width: int, height: int, aspectRatioMode: Qt.AspectRatioMode = Qt.IgnoreAspectRatio, transformMode: Qt.TransformationMode = Qt.FastTransformation): argument 1 has unexpected type 'float'
  scaled(self, size: QSize, aspectRatioMode: Qt.AspectRatioMode = Qt.IgnoreAspectRatio, transformMode: Qt.TransformationMode = Qt.FastTransformation): argument 1 has unexpected type 'float'
2025-04-09 23:31:05,999 - root - ERROR - 未捕获的异常:
Traceback (most recent call last):
  File "F:\Desktop\sci\project\ResEmoteNet-test\ResEmoteNet\Emotion\image_tab.py", line 80, in <lambda>
    self.zoom_in_btn.clicked.connect(lambda: self.setZoomMode('in'))
  File "F:\Desktop\sci\project\ResEmoteNet-test\ResEmoteNet\Emotion\image_tab.py", line 137, in setZoomMode
    self.displayImage(self.current_image, use_result=(self.results is not None))
  File "F:\Desktop\sci\project\ResEmoteNet-test\ResEmoteNet\Emotion\image_tab.py", line 173, in displayImage
    pixmap = pixmap.scaled(pixmap.width() * self.zoom_scale, pixmap.height() * self.zoom_scale, Qt.KeepAspectRatio, Qt.SmoothTransformation)
TypeError: arguments did not match any overloaded call:
  scaled(self, width: int, height: int, aspectRatioMode: Qt.AspectRatioMode = Qt.IgnoreAspectRatio, transformMode: Qt.TransformationMode = Qt.FastTransformation): argument 1 has unexpected type 'float'
  scaled(self, size: QSize, aspectRatioMode: Qt.AspectRatioMode = Qt.IgnoreAspectRatio, transformMode: Qt.TransformationMode = Qt.FastTransformation): argument 1 has unexpected type 'float'
2025-04-09 23:31:12,746 - root - ERROR - 未捕获的异常:
Traceback (most recent call last):
  File "F:\Desktop\sci\project\ResEmoteNet-test\ResEmoteNet\Emotion\image_tab.py", line 205, in handleResults
    self.displayImage(self.current_image, use_result=True)
  File "F:\Desktop\sci\project\ResEmoteNet-test\ResEmoteNet\Emotion\image_tab.py", line 173, in displayImage
    pixmap = pixmap.scaled(pixmap.width() * self.zoom_scale, pixmap.height() * self.zoom_scale, Qt.KeepAspectRatio, Qt.SmoothTransformation)
TypeError: arguments did not match any overloaded call:
  scaled(self, width: int, height: int, aspectRatioMode: Qt.AspectRatioMode = Qt.IgnoreAspectRatio, transformMode: Qt.TransformationMode = Qt.FastTransformation): argument 1 has unexpected type 'float'
  scaled(self, size: QSize, aspectRatioMode: Qt.AspectRatioMode = Qt.IgnoreAspectRatio, transformMode: Qt.TransformationMode = Qt.FastTransformation): argument 1 has unexpected type 'float'
2025-04-09 23:31:16,680 - root - ERROR - 未捕获的异常:
Traceback (most recent call last):
  File "F:\Desktop\sci\project\ResEmoteNet-test\ResEmoteNet\Emotion\image_tab.py", line 80, in <lambda>
    self.zoom_in_btn.clicked.connect(lambda: self.setZoomMode('in'))
  File "F:\Desktop\sci\project\ResEmoteNet-test\ResEmoteNet\Emotion\image_tab.py", line 137, in setZoomMode
    self.displayImage(self.current_image, use_result=(self.results is not None))
  File "F:\Desktop\sci\project\ResEmoteNet-test\ResEmoteNet\Emotion\image_tab.py", line 173, in displayImage
    pixmap = pixmap.scaled(pixmap.width() * self.zoom_scale, pixmap.height() * self.zoom_scale, Qt.KeepAspectRatio, Qt.SmoothTransformation)
TypeError: arguments did not match any overloaded call:
  scaled(self, width: int, height: int, aspectRatioMode: Qt.AspectRatioMode = Qt.IgnoreAspectRatio, transformMode: Qt.TransformationMode = Qt.FastTransformation): argument 1 has unexpected type 'float'
  scaled(self, size: QSize, aspectRatioMode: Qt.AspectRatioMode = Qt.IgnoreAspectRatio, transformMode: Qt.TransformationMode = Qt.FastTransformation): argument 1 has unexpected type 'float'
2025-04-10 00:53:40,641 - root - INFO - 正在启动面部表情识别系统...
2025-04-10 00:53:40,666 - root - INFO - 正在初始化主窗口...
2025-04-10 00:53:42,683 - root - ERROR - 未捕获的异常:
Traceback (most recent call last):
  File "F:\Desktop\sci\project\ResEmoteNet-test\ResEmoteNet\Emotion\main.py", line 95, in <module>
    sys.exit(main())
  File "F:\Desktop\sci\project\ResEmoteNet-test\ResEmoteNet\Emotion\main.py", line 83, in main
    window = MainWindow()
  File "F:\Desktop\sci\project\ResEmoteNet-test\ResEmoteNet\Emotion\main_window.py", line 32, in __init__
    self.initUI()
  File "F:\Desktop\sci\project\ResEmoteNet-test\ResEmoteNet\Emotion\main_window.py", line 67, in initUI
    self.video_tab = VideoTab(self.emotion_recognizer,
TypeError: VideoTab.__init__() got an unexpected keyword argument 'status_bar'
2025-04-10 00:55:22,379 - root - INFO - 正在启动面部表情识别系统...
2025-04-10 00:55:22,392 - root - INFO - 正在初始化主窗口...
2025-04-10 00:55:23,124 - root - ERROR - 未捕获的异常:
Traceback (most recent call last):
  File "F:\Desktop\sci\project\ResEmoteNet-test\ResEmoteNet\Emotion\main.py", line 95, in <module>
    sys.exit(main())
  File "F:\Desktop\sci\project\ResEmoteNet-test\ResEmoteNet\Emotion\main.py", line 83, in main
    window = MainWindow()
  File "F:\Desktop\sci\project\ResEmoteNet-test\ResEmoteNet\Emotion\main_window.py", line 32, in __init__
    self.initUI()
  File "F:\Desktop\sci\project\ResEmoteNet-test\ResEmoteNet\Emotion\main_window.py", line 71, in initUI
    self.tab_widget.addTab(self.video_tab, "视频分析")
AttributeError: 'MainWindow' object has no attribute 'video_tab'
2025-04-10 00:56:03,493 - root - INFO - 正在启动面部表情识别系统...
2025-04-10 00:56:03,504 - root - INFO - 正在初始化主窗口...
2025-04-10 00:56:04,302 - root - INFO - 面部表情识别系统已启动
2025-04-10 00:56:11,930 - root - ERROR - 未捕获的异常:
Traceback (most recent call last):
  File "F:\Desktop\sci\project\ResEmoteNet-test\ResEmoteNet\Emotion\main_window.py", line 108, in closeEvent
    if hasattr(self.video_tab, 'stopVideo'):
AttributeError: 'MainWindow' object has no attribute 'video_tab'
2025-04-10 00:58:09,470 - root - INFO - 正在启动面部表情识别系统...
2025-04-10 00:58:09,483 - root - INFO - 正在初始化主窗口...
2025-04-10 00:58:10,294 - root - INFO - 面部表情识别系统已启动
2025-04-10 00:58:54,602 - root - ERROR - 未捕获的异常:
Traceback (most recent call last):
  File "F:\Desktop\sci\project\ResEmoteNet-test\ResEmoteNet\Emotion\image_tab.py", line 91, in <lambda>
    self.zoom_in_btn.clicked.connect(lambda: self.setZoomMode('in'))
  File "F:\Desktop\sci\project\ResEmoteNet-test\ResEmoteNet\Emotion\image_tab.py", line 158, in setZoomMode
    self.displayImage(self.current_image,
  File "F:\Desktop\sci\project\ResEmoteNet-test\ResEmoteNet\Emotion\image_tab.py", line 200, in displayImage
    pix = pix.scaled(pix.width() * self.zoom_scale,
TypeError: arguments did not match any overloaded call:
  scaled(self, width: int, height: int, aspectRatioMode: Qt.AspectRatioMode = Qt.IgnoreAspectRatio, transformMode: Qt.TransformationMode = Qt.FastTransformation): argument 1 has unexpected type 'float'
  scaled(self, size: QSize, aspectRatioMode: Qt.AspectRatioMode = Qt.IgnoreAspectRatio, transformMode: Qt.TransformationMode = Qt.FastTransformation): argument 1 has unexpected type 'float'
2025-04-10 00:59:11,430 - root - ERROR - 未捕获的异常:
Traceback (most recent call last):
  File "F:\Desktop\sci\project\ResEmoteNet-test\ResEmoteNet\Emotion\image_tab.py", line 257, in handleResults
    self.displayImage(self.current_image, use_result=True)
  File "F:\Desktop\sci\project\ResEmoteNet-test\ResEmoteNet\Emotion\image_tab.py", line 200, in displayImage
    pix = pix.scaled(pix.width() * self.zoom_scale,
TypeError: arguments did not match any overloaded call:
  scaled(self, width: int, height: int, aspectRatioMode: Qt.AspectRatioMode = Qt.IgnoreAspectRatio, transformMode: Qt.TransformationMode = Qt.FastTransformation): argument 1 has unexpected type 'float'
  scaled(self, size: QSize, aspectRatioMode: Qt.AspectRatioMode = Qt.IgnoreAspectRatio, transformMode: Qt.TransformationMode = Qt.FastTransformation): argument 1 has unexpected type 'float'
2025-04-10 00:59:14,128 - root - ERROR - 未捕获的异常:
Traceback (most recent call last):
  File "F:\Desktop\sci\project\ResEmoteNet-test\ResEmoteNet\Emotion\main_window.py", line 108, in closeEvent
    if hasattr(self.video_tab, 'stopVideo'):
AttributeError: 'MainWindow' object has no attribute 'video_tab'
2025-04-10 01:06:11,130 - root - INFO - 正在启动面部表情识别系统...
2025-04-10 01:06:11,140 - root - INFO - 正在初始化主窗口...
2025-04-10 01:06:12,012 - root - INFO - 面部表情识别系统已启动
2025-04-10 01:07:01,220 - root - ERROR - 未捕获的异常:
Traceback (most recent call last):
  File "F:\Desktop\sci\project\ResEmoteNet-test\ResEmoteNet\Emotion\image_tab.py", line 247, in fitToWindow
    self.scaleImage(pixmap)
  File "F:\Desktop\sci\project\ResEmoteNet-test\ResEmoteNet\Emotion\image_tab.py", line 223, in scaleImage
    scaled_pixmap = pixmap.scaled(
TypeError: arguments did not match any overloaded call:
  scaled(self, width: int, height: int, aspectRatioMode: Qt.AspectRatioMode = Qt.IgnoreAspectRatio, transformMode: Qt.TransformationMode = Qt.FastTransformation): argument 1 has unexpected type 'float'
  scaled(self, size: QSize, aspectRatioMode: Qt.AspectRatioMode = Qt.IgnoreAspectRatio, transformMode: Qt.TransformationMode = Qt.FastTransformation): argument 1 has unexpected type 'float'
2025-04-10 01:07:10,181 - root - ERROR - 未捕获的异常:
Traceback (most recent call last):
  File "F:\Desktop\sci\project\ResEmoteNet-test\ResEmoteNet\Emotion\image_tab.py", line 311, in handleResults
    self.displayImage(results["annotated_image"])
  File "F:\Desktop\sci\project\ResEmoteNet-test\ResEmoteNet\Emotion\image_tab.py", line 216, in displayImage
    self.scaleImage(pixmap)
  File "F:\Desktop\sci\project\ResEmoteNet-test\ResEmoteNet\Emotion\image_tab.py", line 223, in scaleImage
    scaled_pixmap = pixmap.scaled(
TypeError: arguments did not match any overloaded call:
  scaled(self, width: int, height: int, aspectRatioMode: Qt.AspectRatioMode = Qt.IgnoreAspectRatio, transformMode: Qt.TransformationMode = Qt.FastTransformation): argument 1 has unexpected type 'float'
  scaled(self, size: QSize, aspectRatioMode: Qt.AspectRatioMode = Qt.IgnoreAspectRatio, transformMode: Qt.TransformationMode = Qt.FastTransformation): argument 1 has unexpected type 'float'
2025-04-10 01:07:15,634 - root - ERROR - 未捕获的异常:
Traceback (most recent call last):
  File "F:\Desktop\sci\project\ResEmoteNet-test\ResEmoteNet\Emotion\image_tab.py", line 247, in fitToWindow
    self.scaleImage(pixmap)
  File "F:\Desktop\sci\project\ResEmoteNet-test\ResEmoteNet\Emotion\image_tab.py", line 223, in scaleImage
    scaled_pixmap = pixmap.scaled(
TypeError: arguments did not match any overloaded call:
  scaled(self, width: int, height: int, aspectRatioMode: Qt.AspectRatioMode = Qt.IgnoreAspectRatio, transformMode: Qt.TransformationMode = Qt.FastTransformation): argument 1 has unexpected type 'float'
  scaled(self, size: QSize, aspectRatioMode: Qt.AspectRatioMode = Qt.IgnoreAspectRatio, transformMode: Qt.TransformationMode = Qt.FastTransformation): argument 1 has unexpected type 'float'
2025-04-10 01:07:19,100 - root - ERROR - 未捕获的异常:
Traceback (most recent call last):
  File "F:\Desktop\sci\project\ResEmoteNet-test\ResEmoteNet\Emotion\image_tab.py", line 259, in zoomIn
    self.displayImage(self.current_image)
  File "F:\Desktop\sci\project\ResEmoteNet-test\ResEmoteNet\Emotion\image_tab.py", line 216, in displayImage
    self.scaleImage(pixmap)
  File "F:\Desktop\sci\project\ResEmoteNet-test\ResEmoteNet\Emotion\image_tab.py", line 223, in scaleImage
    scaled_pixmap = pixmap.scaled(
TypeError: arguments did not match any overloaded call:
  scaled(self, width: int, height: int, aspectRatioMode: Qt.AspectRatioMode = Qt.IgnoreAspectRatio, transformMode: Qt.TransformationMode = Qt.FastTransformation): argument 1 has unexpected type 'float'
  scaled(self, size: QSize, aspectRatioMode: Qt.AspectRatioMode = Qt.IgnoreAspectRatio, transformMode: Qt.TransformationMode = Qt.FastTransformation): argument 1 has unexpected type 'float'
2025-04-10 01:07:22,169 - root - ERROR - 未捕获的异常:
Traceback (most recent call last):
  File "F:\Desktop\sci\project\ResEmoteNet-test\ResEmoteNet\Emotion\image_tab.py", line 247, in fitToWindow
    self.scaleImage(pixmap)
  File "F:\Desktop\sci\project\ResEmoteNet-test\ResEmoteNet\Emotion\image_tab.py", line 223, in scaleImage
    scaled_pixmap = pixmap.scaled(
TypeError: arguments did not match any overloaded call:
  scaled(self, width: int, height: int, aspectRatioMode: Qt.AspectRatioMode = Qt.IgnoreAspectRatio, transformMode: Qt.TransformationMode = Qt.FastTransformation): argument 1 has unexpected type 'float'
  scaled(self, size: QSize, aspectRatioMode: Qt.AspectRatioMode = Qt.IgnoreAspectRatio, transformMode: Qt.TransformationMode = Qt.FastTransformation): argument 1 has unexpected type 'float'
2025-04-10 01:10:27,959 - root - INFO - 正在启动面部表情识别系统...
2025-04-10 01:10:27,973 - root - INFO - 正在初始化主窗口...
2025-04-10 01:10:28,784 - root - INFO - 面部表情识别系统已启动
2025-04-10 01:19:53,713 - root - INFO - 正在启动面部表情识别系统...
2025-04-10 01:19:53,728 - root - INFO - 正在初始化主窗口...
2025-04-10 01:19:54,619 - root - INFO - 面部表情识别系统已启动
2025-04-10 01:21:52,514 - root - INFO - 正在启动面部表情识别系统...
2025-04-10 01:21:52,527 - root - INFO - 正在初始化主窗口...
2025-04-10 01:21:53,339 - root - INFO - 面部表情识别系统已启动
2025-04-10 01:28:06,598 - root - INFO - 正在启动面部表情识别系统...
2025-04-10 01:28:06,610 - root - INFO - 正在初始化主窗口...
2025-04-10 01:28:07,445 - root - INFO - 面部表情识别系统已启动
2025-04-10 01:32:31,977 - root - ERROR - 未捕获的异常:
Traceback (most recent call last):
  File "F:\Desktop\sci\project\ResEmoteNet-test\ResEmoteNet\Emotion\video_tab.py", line 284, in toggleVideoAnalysis
    self.toggleRecording()
  File "F:\Desktop\sci\project\ResEmoteNet-test\ResEmoteNet\Emotion\video_tab.py", line 486, in toggleRecording
    self.parent().statusBar().showMessage("录制已停止", 3000)
AttributeError: 'QStackedWidget' object has no attribute 'statusBar'
2025-04-10 01:33:46,289 - root - INFO - 正在启动面部表情识别系统...
2025-04-10 01:33:46,304 - root - INFO - 正在初始化主窗口...
2025-04-10 01:33:48,456 - root - INFO - 面部表情识别系统已启动
2025-04-10 01:51:29,208 - root - INFO - 正在启动面部表情识别系统...
2025-04-10 01:51:29,224 - root - INFO - 正在初始化主窗口...
2025-04-10 01:51:30,435 - root - INFO - 面部表情识别系统已启动
2025-04-10 11:11:26,000 - root - INFO - 正在启动面部表情识别系统...
2025-04-10 11:11:26,024 - root - INFO - 正在初始化主窗口...
2025-04-10 11:11:28,459 - root - INFO - 面部表情识别系统已启动
2025-04-10 11:14:47,305 - root - INFO - 正在启动面部表情识别系统...
2025-04-10 11:14:47,317 - root - INFO - 正在初始化主窗口...
2025-04-10 11:14:48,230 - root - INFO - 面部表情识别系统已启动
2025-05-16 14:47:17,354 - root - INFO - 正在启动面部表情识别系统...
2025-05-16 14:47:17,378 - root - INFO - 正在初始化主窗口...
2025-05-16 14:47:19,819 - root - INFO - 面部表情识别系统已启动
2025-05-16 18:16:26,502 - root - INFO - 正在启动面部表情识别系统...
2025-05-16 18:16:26,527 - root - INFO - 正在初始化主窗口...
2025-05-16 18:16:29,045 - root - INFO - 面部表情识别系统已启动
2025-05-19 20:10:32,227 - root - INFO - 正在启动面部表情识别系统...
2025-05-19 20:10:32,256 - root - INFO - 正在初始化主窗口...
2025-05-19 20:10:34,716 - root - INFO - 面部表情识别系统已启动
2025-05-20 12:59:29,831 - root - INFO - 正在启动面部表情识别系统...
2025-05-20 12:59:29,857 - root - INFO - 正在初始化主窗口...
2025-05-20 12:59:32,483 - root - INFO - 面部表情识别系统已启动
2025-05-20 13:53:45,497 - root - INFO - 正在启动面部表情识别系统...
2025-05-20 13:53:45,522 - root - INFO - 正在初始化主窗口...
2025-05-20 13:53:47,865 - root - INFO - 面部表情识别系统已启动
2025-05-20 15:57:15,348 - root - INFO - 正在启动面部表情识别系统...
2025-05-20 15:57:15,426 - root - INFO - 正在初始化主窗口...
2025-05-20 15:57:18,005 - root - INFO - 面部表情识别系统已启动
2025-05-20 16:29:25,816 - root - INFO - 正在启动面部表情识别系统...
2025-05-20 16:29:25,883 - root - INFO - 正在初始化主窗口...
2025-05-20 16:29:28,356 - root - INFO - 面部表情识别系统已启动
2025-05-20 16:38:41,406 - root - INFO - 正在启动面部表情识别系统...
2025-05-20 16:38:41,474 - root - INFO - 正在初始化主窗口...
2025-05-20 16:38:44,248 - root - INFO - 面部表情识别系统已启动
